e:\mspworkspace\code\cocos2d-x-3.8\myluagame\frameworks\runtime-src\proj.win32\debug.win32\runtimeluaimpl.obj
e:\mspworkspace\code\cocos2d-x-3.8\myluagame\frameworks\runtime-src\proj.win32\debug.win32\stdafx.obj
e:\mspworkspace\code\cocos2d-x-3.8\myluagame\frameworks\runtime-src\proj.win32\debug.win32\appdelegate.obj
e:\mspworkspace\code\cocos2d-x-3.8\myluagame\frameworks\runtime-src\proj.win32\debug.win32\main.obj
e:\mspworkspace\code\cocos2d-x-3.8\myluagame\frameworks\runtime-src\proj.win32\debug.win32\lua_debugger.obj
e:\mspworkspace\code\cocos2d-x-3.8\myluagame\frameworks\runtime-src\proj.win32\debug.win32\simulatorwin.obj
e:\mspworkspace\code\cocos2d-x-3.8\myluagame\frameworks\runtime-src\proj.win32\debug.win32\vc120.pdb
e:\mspworkspace\code\cocos2d-x-3.8\myluagame\simulator\win32\myluagame.ilk
e:\mspworkspace\code\cocos2d-x-3.8\myluagame\simulator\win32\myluagame.exe
e:\mspworkspace\code\cocos2d-x-3.8\myluagame\simulator\win32\myluagame.pdb
e:\mspworkspace\code\cocos2d-x-3.8\myluagame\frameworks\runtime-src\proj.win32\debug.win32\myluagame.lib
e:\mspworkspace\code\cocos2d-x-3.8\myluagame\frameworks\runtime-src\proj.win32\debug.win32\myluagame.exp
e:\mspworkspace\code\cocos2d-x-3.8\myluagame\frameworks\runtime-src\proj.win32\myluagame.cab
e:\mspworkspace\code\cocos2d-x-3.8\myluagame\frameworks\runtime-src\proj.win32\debug.win32\game.res
e:\mspworkspace\code\cocos2d-x-3.8\myluagame\frameworks\runtime-src\proj.win32\debug.win32\libcocos2d.exp
e:\mspworkspace\code\cocos2d-x-3.8\myluagame\frameworks\runtime-src\proj.win32\debug.win32\vc120.idb
e:\mspworkspace\code\cocos2d-x-3.8\myluagame\frameworks\runtime-src\proj.win32\debug.win32\libcocos2d.pdb
e:\mspworkspace\code\cocos2d-x-3.8\myluagame\frameworks\runtime-src\proj.win32\debug.win32\myluagame.tlog\cl.command.1.tlog
e:\mspworkspace\code\cocos2d-x-3.8\myluagame\frameworks\runtime-src\proj.win32\debug.win32\myluagame.tlog\cl.read.1.tlog
e:\mspworkspace\code\cocos2d-x-3.8\myluagame\frameworks\runtime-src\proj.win32\debug.win32\myluagame.tlog\cl.write.1.tlog
e:\mspworkspace\code\cocos2d-x-3.8\myluagame\frameworks\runtime-src\proj.win32\debug.win32\myluagame.tlog\link.command.1.tlog
e:\mspworkspace\code\cocos2d-x-3.8\myluagame\frameworks\runtime-src\proj.win32\debug.win32\myluagame.tlog\link.read.1.tlog
e:\mspworkspace\code\cocos2d-x-3.8\myluagame\frameworks\runtime-src\proj.win32\debug.win32\myluagame.tlog\link.write.1.tlog
e:\mspworkspace\code\cocos2d-x-3.8\myluagame\frameworks\runtime-src\proj.win32\debug.win32\myluagame.tlog\myluagame.write.1u.tlog
e:\mspworkspace\code\cocos2d-x-3.8\myluagame\frameworks\runtime-src\proj.win32\debug.win32\myluagame.tlog\rc.command.1.tlog
e:\mspworkspace\code\cocos2d-x-3.8\myluagame\frameworks\runtime-src\proj.win32\debug.win32\myluagame.tlog\rc.read.1.tlog
e:\mspworkspace\code\cocos2d-x-3.8\myluagame\frameworks\runtime-src\proj.win32\debug.win32\myluagame.tlog\rc.write.1.tlog
